<?xml version="1.0" encoding="UTF-8" ?>
<testsuite tests="13" failures="0" name="env.RunCukeTest" time="0.003" errors="0" skipped="0">
  <properties>
[...]
</properties>
  <testcase classname="| https://www.ndtv.com/. | Bhopal | api.openweathermap.org/data/2.5/weather | 7fe67bf08c80ded756e598d6f8fedaea | 2 |" name="Given I navigate to &quot;https://www.ndtv.com/.&quot;" time="0.002"/>
  <testcase classname="| https://www.ndtv.com/. | Bhopal | api.openweathermap.org/data/2.5/weather | 7fe67bf08c80ded756e598d6f8fedaea | 2 |" name="Then I click on subMenu options" time="0"/>
  <testcase classname="| https://www.ndtv.com/. | Bhopal | api.openweathermap.org/data/2.5/weather | 7fe67bf08c80ded756e598d6f8fedaea | 2 |" name="Then I click on weather tab" time="0"/>
  <testcase classname="| https://www.ndtv.com/. | Bhopal | api.openweathermap.org/data/2.5/weather | 7fe67bf08c80ded756e598d6f8fedaea | 2 |" name="Then I enter &quot;Bhopal&quot; into input searchBox field" time="0"/>
  <testcase classname="| https://www.ndtv.com/. | Bhopal | api.openweathermap.org/data/2.5/weather | 7fe67bf08c80ded756e598d6f8fedaea | 2 |" name="Then Entered &quot;Bhopal&quot; should be present" time="0"/>
  <testcase classname="| https://www.ndtv.com/. | Bhopal | api.openweathermap.org/data/2.5/weather | 7fe67bf08c80ded756e598d6f8fedaea | 2 |" name="Then I check the checkbox having &quot;Bhopal&quot;" time="0"/>
  <testcase classname="| https://www.ndtv.com/. | Bhopal | api.openweathermap.org/data/2.5/weather | 7fe67bf08c80ded756e598d6f8fedaea | 2 |" name="Then I store the temperature for &quot;Bhopal&quot;" time="0"/>
  <testcase classname="| https://www.ndtv.com/. | Bhopal | api.openweathermap.org/data/2.5/weather | 7fe67bf08c80ded756e598d6f8fedaea | 2 |" name="Then I need to call weatehr API endpoint &quot;api.openweathermap.org/data/2.5/weather&quot; with city &quot;Bhopal&quot; and appid &quot;7fe67bf08c80ded756e598d6f8fedaea&quot;" time="0"/>
  <testcase classname="| https://www.ndtv.com/. | Bhopal | api.openweathermap.org/data/2.5/weather | 7fe67bf08c80ded756e598d6f8fedaea | 2 |" name="Then I need to compare the temperature with variance of &quot;2&quot; degree" time="0"/>
  <testcase classname="| https://www.ndtv.com/. | Bhopal | api.openweathermap.org/data/2.5/weather | 7fe67bf08c80ded756e598d6f8fedaea | 2 |" name="Then I take screenshot" time="0"/>
  <testcase classname="| https://www.ndtv.com/. | Bhopal | api.openweathermap.org/data/2.5/weather | 7fe67bf08c80ded756e598d6f8fedaea | 2 |" name="| https://www.ndtv.com/. | Bhopal | api.openweathermap.org/data/2.5/weather | 7fe67bf08c80ded756e598d6f8fedaea | 2 |" time="0"/>
  <testcase classname="Scenario: Close browser" name="Then I close browser" time="0"/>
  <testcase classname="Scenario: Close browser" name="Scenario: Close browser" time="0.001"/>
</testsuite>